<?xml version="1.0" encoding="UTF-8"?>
<!-- Generated by org.testng.reporters.JUnitReportReporter -->
<testsuite hostname="LAPTOP-IL8SBD7O" failures="0" tests="1" name="practiceTest.SampleReportTest" time="10.970" errors="0" timestamp="2024-05-09T04:05:14 PDT" skipped="0">
  <testcase classname="practiceTest.SampleReportTest" name="createContactTest" time="10.970"/>
</testsuite> <!-- practiceTest.SampleReportTest -->
