<?xml version="1.0" encoding="UTF-8"?>
<!-- Generated by org.testng.reporters.JUnitReportReporter -->
<testsuite hostname="LAPTOP-IL8SBD7O" failures="0" tests="3" name="practice.Amazon" time="22.667" errors="0" timestamp="2024-04-30T22:28:29 PDT" skipped="0">
  <testcase classname="practice.Amazon" name="getProductInfoTest" time="6.865"/>
  <testcase classname="practice.Amazon" name="getProductInfoTest" time="7.761"/>
  <testcase classname="practice.Amazon" name="getProductInfoTest" time="8.041"/>
</testsuite> <!-- practice.Amazon -->
