<?xml version="1.0" encoding="UTF-8"?>
<!-- Generated by org.testng.reporters.JUnitReportReporter -->
<testsuite hostname="LAPTOP-IL8SBD7O" failures="0" tests="2" name="practice.Configuration_Methods" time="0.008" errors="0" timestamp="2024-05-01T01:49:07 PDT" skipped="0">
  <testcase classname="practice.Configuration_Methods" name="createContact" time="0.006"/>
  <testcase classname="practice.Configuration_Methods" name="createContactD" time="0.002"/>
</testsuite> <!-- practice.Configuration_Methods -->
