<?xml version="1.0" encoding="UTF-8"?>
<!-- Generated by org.testng.reporters.JUnitReportReporter -->
<testsuite hostname="LAPTOP-IL8SBD7O" failures="0" tests="3" name="practice.ContactTest" time="0.021" errors="0" timestamp="2024-04-30T01:06:16 PDT" skipped="0">
  <testcase classname="practice.ContactTest" name="createCustomer" time="0.018"/>
  <testcase classname="practice.ContactTest" name="modifycontact" time="0.001"/>
  <testcase classname="practice.ContactTest" name="deleteContact" time="0.002"/>
</testsuite> <!-- practice.ContactTest -->
