<?xml version="1.0" encoding="UTF-8"?>
<!-- Generated by org.testng.reporters.JUnitReportReporter -->
<testsuite hostname="LAPTOP-IL8SBD7O" failures="0" tests="2" name="com.crm.comcast.orgTest.CreateOrgTest" time="0.012" errors="0" timestamp="2024-05-01T22:08:56 PDT" skipped="0">
  <testcase classname="com.crm.comcast.orgTest.CreateOrgTest" name="createOrgTest" time="0.009"/>
  <testcase classname="com.crm.comcast.orgTest.CreateOrgTest" name="createOrgWithIndustry" time="0.003"/>
</testsuite> <!-- com.crm.comcast.orgTest.CreateOrgTest -->
