<?xml version="1.0" encoding="UTF-8"?>
<!-- Generated by org.testng.reporters.JUnitReportReporter -->
<testsuite hostname="LAPTOP-IL8SBD7O" failures="0" tests="3" name="practice.UsageOfBaseClassIn_RealTime" time="0.010" errors="1" timestamp="2024-05-01T21:29:58 PDT" skipped="1">
  <testcase classname="practice.UsageOfBaseClassIn_RealTime" name="createContact" time="0.009"/>
  <testcase classname="practice.UsageOfBaseClassIn_RealTime" name="configAM" time="0.001">
    <error message="Unresolved compilation problems: 
	The annotation @AfterClass is disallowed for this location
	void[] is an invalid type
	Syntax error on token &quot;configAC&quot;, AnnotationName expected after this token
	Illegal modifier for parameter configAC; only final is permitted
	Syntax error, insert &quot;[ ]&quot; to complete Dimension
	Syntax error, insert &quot;;&quot; to complete LocalVariableDeclarationStatement
	The annotation @AfterSuite is disallowed for this location
	void[] is an invalid type
	Syntax error on token &quot;configAs&quot;, AnnotationName expected after this token
	Illegal modifier for parameter configAs; only final is permitted
	Syntax error, insert &quot;[ ]&quot; to complete Dimension
	Syntax error, insert &quot;;&quot; to complete LocalVariableDeclarationStatement
" type="java.lang.Error">
      <![CDATA[java.lang.Error: Unresolved compilation problems: 
The annotation @AfterClass is disallowed for this location
void[] is an invalid type
Syntax error on token "configAC", AnnotationName expected after this token
Illegal modifier for parameter configAC; only final is permitted
Syntax error, insert "[ ]" to complete Dimension
Syntax error, insert ";" to complete LocalVariableDeclarationStatement
The annotation @AfterSuite is disallowed for this location
void[] is an invalid type
Syntax error on token "configAs", AnnotationName expected after this token
Illegal modifier for parameter configAs; only final is permitted
Syntax error, insert "[ ]" to complete Dimension
Syntax error, insert ";" to complete LocalVariableDeclarationStatement

at practice.UsageOfBaseClassIn_RealTime.configAM(UsageOfBaseClassIn_RealTime.java:43)
at java.base/jdk.internal.reflect.NativeMethodAccessorImpl.invoke0(Native Method)
at java.base/jdk.internal.reflect.NativeMethodAccessorImpl.invoke(NativeMethodAccessorImpl.java:77)
at java.base/jdk.internal.reflect.DelegatingMethodAccessorImpl.invoke(DelegatingMethodAccessorImpl.java:43)
at java.base/java.lang.reflect.Method.invoke(Method.java:568)
at org.testng.internal.invokers.MethodInvocationHelper.invokeMethod(MethodInvocationHelper.java:139)
at org.testng.internal.invokers.MethodInvocationHelper.invokeMethodConsideringTimeout(MethodInvocationHelper.java:69)
at org.testng.internal.invokers.ConfigInvoker.invokeConfigurationMethod(ConfigInvoker.java:390)
at org.testng.internal.invokers.ConfigInvoker.invokeConfigurations(ConfigInvoker.java:325)
at org.testng.internal.invokers.TestInvoker.runConfigMethods(TestInvoker.java:810)
at org.testng.internal.invokers.TestInvoker.runAfterConfigurations(TestInvoker.java:779)
at org.testng.internal.invokers.TestInvoker.invokeMethod(TestInvoker.java:755)
at org.testng.internal.invokers.TestInvoker.invokeTestMethod(TestInvoker.java:227)
at org.testng.internal.invokers.MethodRunner.runInSequence(MethodRunner.java:50)
at org.testng.internal.invokers.TestInvoker$MethodInvocationAgent.invoke(TestInvoker.java:957)
at org.testng.internal.invokers.TestInvoker.invokeTestMethods(TestInvoker.java:200)
at org.testng.internal.invokers.TestMethodWorker.invokeTestMethods(TestMethodWorker.java:148)
at org.testng.internal.invokers.TestMethodWorker.run(TestMethodWorker.java:128)
at java.base/java.util.ArrayList.forEach(ArrayList.java:1511)
at org.testng.TestRunner.privateRun(TestRunner.java:848)
at org.testng.TestRunner.run(TestRunner.java:621)
at org.testng.SuiteRunner.runTest(SuiteRunner.java:443)
at org.testng.SuiteRunner.runSequentially(SuiteRunner.java:437)
at org.testng.SuiteRunner.privateRun(SuiteRunner.java:397)
at org.testng.SuiteRunner.run(SuiteRunner.java:336)
at org.testng.SuiteRunnerWorker.runSuite(SuiteRunnerWorker.java:52)
at org.testng.SuiteRunnerWorker.run(SuiteRunnerWorker.java:95)
at org.testng.TestNG.runSuitesSequentially(TestNG.java:1280)
at org.testng.TestNG.runSuitesLocally(TestNG.java:1200)
at org.testng.TestNG.runSuites(TestNG.java:1114)
at org.testng.TestNG.run(TestNG.java:1082)
at org.testng.remote.AbstractRemoteTestNG.run(AbstractRemoteTestNG.java:115)
at org.testng.remote.RemoteTestNG.initAndRun(RemoteTestNG.java:251)
at org.testng.remote.RemoteTestNG.main(RemoteTestNG.java:77)
]]>
    </error>
  </testcase> <!-- configAM -->
  <testcase classname="practice.UsageOfBaseClassIn_RealTime" name="createContactD" time="0.000">
    <skipped/>
  </testcase> <!-- createContactD -->
</testsuite> <!-- practice.UsageOfBaseClassIn_RealTime -->
