<?xml version="1.0" encoding="UTF-8"?>
<!-- Generated by org.testng.reporters.JUnitReportReporter -->
<testsuite hostname="LAPTOP-IL8SBD7O" failures="0" tests="3" name="practice.Contact_DP" time="0.010" errors="0" timestamp="2024-04-30T05:25:03 PDT" skipped="0">
  <testcase classname="practice.Contact_DP" name="createContactTest" time="0.001"/>
  <testcase classname="practice.Contact_DP" name="createContactTest" time="0.007"/>
  <testcase classname="practice.Contact_DP" name="createContactTest" time="0.002"/>
</testsuite> <!-- practice.Contact_DP -->
